<?xml version="1.0" encoding="UTF-8"?>
<testsuite xmlns:xsi="http://www.w3.org/2001/XMLSchema-instance" xsi:noNamespaceSchemaLocation="https://maven.apache.org/surefire/maven-surefire-plugin/xsd/surefire-test-report-3.0.xsd" version="3.0" name="kaiyang_try.step1.git_maven_ast.AppTest" time="0.013" tests="1" errors="0" skipped="0" failures="0">
  <properties>
    <property name="java.specification.version" value="17"/>
    <property name="sun.cpu.isalist" value="amd64"/>
    <property name="sun.jnu.encoding" value="GBK"/>
    <property name="java.class.path" value="C:\Users\mmmm\Desktop\srtp_try\git_maven_ast\target\test-classes;C:\Users\mmmm\Desktop\srtp_try\git_maven_ast\target\classes;C:\Users\mmmm\.m2\repository\junit\junit\3.8.1\junit-3.8.1.jar;C:\Users\mmmm\.m2\repository\org\apache\maven\maven-embedder\4.0.0-rc-1\maven-embedder-4.0.0-rc-1.jar;C:\Users\mmmm\.m2\repository\org\apache\maven\maven-api-cli\4.0.0-rc-1\maven-api-cli-4.0.0-rc-1.jar;C:\Users\mmmm\.m2\repository\org\apache\maven\maven-api-meta\4.0.0-rc-1\maven-api-meta-4.0.0-rc-1.jar;C:\Users\mmmm\.m2\repository\org\apache\maven\maven-api-core\4.0.0-rc-1\maven-api-core-4.0.0-rc-1.jar;C:\Users\mmmm\.m2\repository\org\apache\maven\maven-api-di\4.0.0-rc-1\maven-api-di-4.0.0-rc-1.jar;C:\Users\mmmm\.m2\repository\org\apache\maven\maven-cli\4.0.0-rc-1\maven-cli-4.0.0-rc-1.jar;C:\Users\mmmm\.m2\repository\org\codehaus\plexus\plexus-classworlds\2.8.0\plexus-classworlds-2.8.0.jar;C:\Users\mmmm\.m2\repository\org\apache\maven\maven-settings\4.0.0-rc-1\maven-settings-4.0.0-rc-1.jar;C:\Users\mmmm\.m2\repository\org\apache\maven\maven-api-settings\4.0.0-rc-1\maven-api-settings-4.0.0-rc-1.jar;C:\Users\mmmm\.m2\repository\org\apache\maven\maven-api-xml\4.0.0-rc-1\maven-api-xml-4.0.0-rc-1.jar;C:\Users\mmmm\.m2\repository\org\apache\maven\maven-xml\4.0.0-rc-1\maven-xml-4.0.0-rc-1.jar;C:\Users\mmmm\.m2\repository\org\codehaus\plexus\plexus-xml\4.0.4\plexus-xml-4.0.4.jar;C:\Users\mmmm\.m2\repository\org\apache\maven\maven-xml-impl\4.0.0-alpha-9\maven-xml-impl-4.0.0-alpha-9.jar;C:\Users\mmmm\.m2\repository\com\fasterxml\woodstox\woodstox-core\7.1.0\woodstox-core-7.1.0.jar;C:\Users\mmmm\.m2\repository\org\codehaus\woodstox\stax2-api\4.2.2\stax2-api-4.2.2.jar;C:\Users\mmmm\.m2\repository\org\apache\maven\maven-settings-builder\4.0.0-rc-1\maven-settings-builder-4.0.0-rc-1.jar;C:\Users\mmmm\.m2\repository\org\apache\maven\maven-impl\4.0.0-rc-1\maven-impl-4.0.0-rc-1.jar;C:\Users\mmmm\.m2\repository\org\apache\maven\maven-api-metadata\4.0.0-rc-1\maven-api-metadata-4.0.0-rc-1.jar;C:\Users\mmmm\.m2\repository\org\apache\maven\maven-toolchain-builder\4.0.0-rc-1\maven-toolchain-builder-4.0.0-rc-1.jar;C:\Users\mmmm\.m2\repository\org\apache\maven\maven-api-toolchain\4.0.0-rc-1\maven-api-toolchain-4.0.0-rc-1.jar;C:\Users\mmmm\.m2\repository\org\apache\maven\maven-toolchain-model\4.0.0-rc-1\maven-toolchain-model-4.0.0-rc-1.jar;C:\Users\mmmm\.m2\repository\org\apache\maven\maven-core\4.0.0-rc-1\maven-core-4.0.0-rc-1.jar;C:\Users\mmmm\.m2\repository\org\apache\maven\maven-di\4.0.0-rc-1\maven-di-4.0.0-rc-1.jar;C:\Users\mmmm\.m2\repository\org\apache\maven\maven-repository-metadata\4.0.0-rc-1\maven-repository-metadata-4.0.0-rc-1.jar;C:\Users\mmmm\.m2\repository\org\apache\maven\maven-artifact\4.0.0-rc-1\maven-artifact-4.0.0-rc-1.jar;C:\Users\mmmm\.m2\repository\org\apache\maven\maven-api-spi\4.0.0-rc-1\maven-api-spi-4.0.0-rc-1.jar;C:\Users\mmmm\.m2\repository\org\apache\maven\resolver\maven-resolver-spi\2.0.4\maven-resolver-spi-2.0.4.jar;C:\Users\mmmm\.m2\repository\com\google\code\gson\gson\2.11.0\gson-2.11.0.jar;C:\Users\mmmm\.m2\repository\org\apache\maven\resolver\maven-resolver-impl\2.0.4\maven-resolver-impl-2.0.4.jar;C:\Users\mmmm\.m2\repository\org\apache\maven\resolver\maven-resolver-named-locks\2.0.4\maven-resolver-named-locks-2.0.4.jar;C:\Users\mmmm\.m2\repository\org\apache\maven\maven-jline\4.0.0-rc-1\maven-jline-4.0.0-rc-1.jar;C:\Users\mmmm\.m2\repository\org\jline\jline-reader\3.27.1\jline-reader-3.27.1.jar;C:\Users\mmmm\.m2\repository\org\jline\jline-style\3.27.1\jline-style-3.27.1.jar;C:\Users\mmmm\.m2\repository\org\jline\jline-builtins\3.27.1\jline-builtins-3.27.1.jar;C:\Users\mmmm\.m2\repository\org\jline\jline-console-ui\3.27.1\jline-console-ui-3.27.1.jar;C:\Users\mmmm\.m2\repository\org\jline\jline-terminal-jni\3.27.1\jline-terminal-jni-3.27.1.jar;C:\Users\mmmm\.m2\repository\org\jline\jline-native\3.27.1\jline-native-3.27.1.jar;C:\Users\mmmm\.m2\repository\javax\annotation\javax.annotation-api\1.3.2\javax.annotation-api-1.3.2.jar;C:\Users\mmmm\.m2\repository\org\apache\maven\maven-plugin-api\4.0.0-rc-1\maven-plugin-api-4.0.0-rc-1.jar;C:\Users\mmmm\.m2\repository\org\apache\maven\maven-api-plugin\4.0.0-rc-1\maven-api-plugin-4.0.0-rc-1.jar;C:\Users\mmmm\.m2\repository\org\eclipse\sisu\org.eclipse.sisu.plexus\0.9.0.M3\org.eclipse.sisu.plexus-0.9.0.M3.jar;C:\Users\mmmm\.m2\repository\org\apache\maven\maven-model\4.0.0-rc-1\maven-model-4.0.0-rc-1.jar;C:\Users\mmmm\.m2\repository\org\apache\maven\maven-api-model\4.0.0-rc-1\maven-api-model-4.0.0-rc-1.jar;C:\Users\mmmm\.m2\repository\org\apache\maven\maven-model-builder\4.0.0-rc-1\maven-model-builder-4.0.0-rc-1.jar;C:\Users\mmmm\.m2\repository\org\apache\maven\maven-builder-support\4.0.0-rc-1\maven-builder-support-4.0.0-rc-1.jar;C:\Users\mmmm\.m2\repository\org\apache\maven\maven-logging\4.0.0-rc-1\maven-logging-4.0.0-rc-1.jar;C:\Users\mmmm\.m2\repository\org\apache\maven\resolver\maven-resolver-api\2.0.4\maven-resolver-api-2.0.4.jar;C:\Users\mmmm\.m2\repository\org\apache\maven\resolver\maven-resolver-util\2.0.4\maven-resolver-util-2.0.4.jar;C:\Users\mmmm\.m2\repository\org\codehaus\plexus\plexus-sec-dispatcher\4.0.2\plexus-sec-dispatcher-4.0.2.jar;C:\Users\mmmm\.m2\repository\org\codehaus\plexus\plexus-interpolation\1.27\plexus-interpolation-1.27.jar;C:\Users\mmmm\.m2\repository\org\codehaus\plexus\plexus-interactivity-api\1.3\plexus-interactivity-api-1.3.jar;C:\Users\mmmm\.m2\repository\org\slf4j\slf4j-api\2.0.16\slf4j-api-2.0.16.jar;C:\Users\mmmm\.m2\repository\commons-cli\commons-cli\1.9.0\commons-cli-1.9.0.jar;C:\Users\mmmm\.m2\repository\org\jline\jansi-core\3.27.1\jansi-core-3.27.1.jar;C:\Users\mmmm\.m2\repository\org\jline\jline-terminal\3.27.1\jline-terminal-3.27.1.jar;C:\Users\mmmm\.m2\repository\org\apache\maven\shared\maven-invoker\3.1.0\maven-invoker-3.1.0.jar;C:\Users\mmmm\.m2\repository\org\apache\maven\shared\maven-shared-utils\3.3.3\maven-shared-utils-3.3.3.jar;C:\Users\mmmm\.m2\repository\commons-io\commons-io\2.6\commons-io-2.6.jar;C:\Users\mmmm\.m2\repository\javax\inject\javax.inject\1\javax.inject-1.jar;C:\Users\mmmm\.m2\repository\org\eclipse\jdt\org.eclipse.jdt.core\3.24.0\org.eclipse.jdt.core-3.24.0.jar;C:\Users\mmmm\.m2\repository\org\eclipse\platform\org.eclipse.core.resources\3.22.0\org.eclipse.core.resources-3.22.0.jar;C:\Users\mmmm\.m2\repository\org\eclipse\platform\org.eclipse.core.expressions\3.9.400\org.eclipse.core.expressions-3.9.400.jar;C:\Users\mmmm\.m2\repository\net\java\dev\jna\jna\5.15.0\jna-5.15.0.jar;C:\Users\mmmm\.m2\repository\org\eclipse\platform\org.eclipse.osgi\3.22.0\org.eclipse.osgi-3.22.0.jar;C:\Users\mmmm\.m2\repository\org\eclipse\platform\org.eclipse.core.runtime\3.32.0\org.eclipse.core.runtime-3.32.0.jar;C:\Users\mmmm\.m2\repository\org\eclipse\platform\org.eclipse.equinox.common\3.19.200\org.eclipse.equinox.common-3.19.200.jar;C:\Users\mmmm\.m2\repository\org\eclipse\platform\org.eclipse.core.jobs\3.15.400\org.eclipse.core.jobs-3.15.400.jar;C:\Users\mmmm\.m2\repository\org\eclipse\platform\org.eclipse.equinox.registry\3.12.200\org.eclipse.equinox.registry-3.12.200.jar;C:\Users\mmmm\.m2\repository\org\eclipse\platform\org.eclipse.equinox.preferences\3.11.200\org.eclipse.equinox.preferences-3.11.200.jar;C:\Users\mmmm\.m2\repository\org\osgi\org.osgi.service.prefs\1.1.2\org.osgi.service.prefs-1.1.2.jar;C:\Users\mmmm\.m2\repository\org\osgi\osgi.annotation\8.0.1\osgi.annotation-8.0.1.jar;C:\Users\mmmm\.m2\repository\org\eclipse\platform\org.eclipse.core.contenttype\3.9.600\org.eclipse.core.contenttype-3.9.600.jar;C:\Users\mmmm\.m2\repository\org\eclipse\platform\org.eclipse.equinox.app\1.7.200\org.eclipse.equinox.app-1.7.200.jar;C:\Users\mmmm\.m2\repository\org\eclipse\platform\org.eclipse.core.filesystem\1.11.100\org.eclipse.core.filesystem-1.11.100.jar;C:\Users\mmmm\.m2\repository\net\java\dev\jna\jna-platform\5.15.0\jna-platform-5.15.0.jar;C:\Users\mmmm\.m2\repository\org\eclipse\platform\org.eclipse.text\3.14.200\org.eclipse.text-3.14.200.jar;C:\Users\mmmm\.m2\repository\org\eclipse\platform\org.eclipse.core.commands\3.12.200\org.eclipse.core.commands-3.12.200.jar;C:\Users\mmmm\.m2\repository\org\eclipse\jgit\org.eclipse.jgit\7.1.0.202411261347-r\org.eclipse.jgit-7.1.0.202411261347-r.jar;C:\Users\mmmm\.m2\repository\com\googlecode\javaewah\JavaEWAH\1.2.3\JavaEWAH-1.2.3.jar;C:\Users\mmmm\.m2\repository\commons-codec\commons-codec\1.17.1\commons-codec-1.17.1.jar;"/>
    <property name="java.vm.vendor" value="Eclipse Adoptium"/>
    <property name="sun.arch.data.model" value="64"/>
    <property name="user.variant" value=""/>
    <property name="java.vendor.url" value="https://adoptium.net/"/>
    <property name="user.timezone" value="Asia/Shanghai"/>
    <property name="os.name" value="Windows 11"/>
    <property name="java.vm.specification.version" value="17"/>
    <property name="sun.java.launcher" value="SUN_STANDARD"/>
    <property name="user.country" value="CN"/>
    <property name="sun.boot.library.path" value="C:\Users\mmmm\.p2\pool\plugins\org.eclipse.justj.openjdk.hotspot.jre.full.win32.x86_64_17.0.12.v20240802-1518\jre\bin"/>
    <property name="sun.java.command" value="C:\Users\mmmm\AppData\Local\Temp\surefire6068525815665467088\surefirebooter-20241217132029953_3.jar C:\Users\mmmm\AppData\Local\Temp\surefire6068525815665467088 2024-12-17T13-20-29_816-jvmRun1 surefire-20241217132029953_1tmp surefire_0-20241217132029953_2tmp"/>
    <property name="jdk.debug" value="release"/>
    <property name="surefire.test.class.path" value="C:\Users\mmmm\Desktop\srtp_try\git_maven_ast\target\test-classes;C:\Users\mmmm\Desktop\srtp_try\git_maven_ast\target\classes;C:\Users\mmmm\.m2\repository\junit\junit\3.8.1\junit-3.8.1.jar;C:\Users\mmmm\.m2\repository\org\apache\maven\maven-embedder\4.0.0-rc-1\maven-embedder-4.0.0-rc-1.jar;C:\Users\mmmm\.m2\repository\org\apache\maven\maven-api-cli\4.0.0-rc-1\maven-api-cli-4.0.0-rc-1.jar;C:\Users\mmmm\.m2\repository\org\apache\maven\maven-api-meta\4.0.0-rc-1\maven-api-meta-4.0.0-rc-1.jar;C:\Users\mmmm\.m2\repository\org\apache\maven\maven-api-core\4.0.0-rc-1\maven-api-core-4.0.0-rc-1.jar;C:\Users\mmmm\.m2\repository\org\apache\maven\maven-api-di\4.0.0-rc-1\maven-api-di-4.0.0-rc-1.jar;C:\Users\mmmm\.m2\repository\org\apache\maven\maven-cli\4.0.0-rc-1\maven-cli-4.0.0-rc-1.jar;C:\Users\mmmm\.m2\repository\org\codehaus\plexus\plexus-classworlds\2.8.0\plexus-classworlds-2.8.0.jar;C:\Users\mmmm\.m2\repository\org\apache\maven\maven-settings\4.0.0-rc-1\maven-settings-4.0.0-rc-1.jar;C:\Users\mmmm\.m2\repository\org\apache\maven\maven-api-settings\4.0.0-rc-1\maven-api-settings-4.0.0-rc-1.jar;C:\Users\mmmm\.m2\repository\org\apache\maven\maven-api-xml\4.0.0-rc-1\maven-api-xml-4.0.0-rc-1.jar;C:\Users\mmmm\.m2\repository\org\apache\maven\maven-xml\4.0.0-rc-1\maven-xml-4.0.0-rc-1.jar;C:\Users\mmmm\.m2\repository\org\codehaus\plexus\plexus-xml\4.0.4\plexus-xml-4.0.4.jar;C:\Users\mmmm\.m2\repository\org\apache\maven\maven-xml-impl\4.0.0-alpha-9\maven-xml-impl-4.0.0-alpha-9.jar;C:\Users\mmmm\.m2\repository\com\fasterxml\woodstox\woodstox-core\7.1.0\woodstox-core-7.1.0.jar;C:\Users\mmmm\.m2\repository\org\codehaus\woodstox\stax2-api\4.2.2\stax2-api-4.2.2.jar;C:\Users\mmmm\.m2\repository\org\apache\maven\maven-settings-builder\4.0.0-rc-1\maven-settings-builder-4.0.0-rc-1.jar;C:\Users\mmmm\.m2\repository\org\apache\maven\maven-impl\4.0.0-rc-1\maven-impl-4.0.0-rc-1.jar;C:\Users\mmmm\.m2\repository\org\apache\maven\maven-api-metadata\4.0.0-rc-1\maven-api-metadata-4.0.0-rc-1.jar;C:\Users\mmmm\.m2\repository\org\apache\maven\maven-toolchain-builder\4.0.0-rc-1\maven-toolchain-builder-4.0.0-rc-1.jar;C:\Users\mmmm\.m2\repository\org\apache\maven\maven-api-toolchain\4.0.0-rc-1\maven-api-toolchain-4.0.0-rc-1.jar;C:\Users\mmmm\.m2\repository\org\apache\maven\maven-toolchain-model\4.0.0-rc-1\maven-toolchain-model-4.0.0-rc-1.jar;C:\Users\mmmm\.m2\repository\org\apache\maven\maven-core\4.0.0-rc-1\maven-core-4.0.0-rc-1.jar;C:\Users\mmmm\.m2\repository\org\apache\maven\maven-di\4.0.0-rc-1\maven-di-4.0.0-rc-1.jar;C:\Users\mmmm\.m2\repository\org\apache\maven\maven-repository-metadata\4.0.0-rc-1\maven-repository-metadata-4.0.0-rc-1.jar;C:\Users\mmmm\.m2\repository\org\apache\maven\maven-artifact\4.0.0-rc-1\maven-artifact-4.0.0-rc-1.jar;C:\Users\mmmm\.m2\repository\org\apache\maven\maven-api-spi\4.0.0-rc-1\maven-api-spi-4.0.0-rc-1.jar;C:\Users\mmmm\.m2\repository\org\apache\maven\resolver\maven-resolver-spi\2.0.4\maven-resolver-spi-2.0.4.jar;C:\Users\mmmm\.m2\repository\com\google\code\gson\gson\2.11.0\gson-2.11.0.jar;C:\Users\mmmm\.m2\repository\org\apache\maven\resolver\maven-resolver-impl\2.0.4\maven-resolver-impl-2.0.4.jar;C:\Users\mmmm\.m2\repository\org\apache\maven\resolver\maven-resolver-named-locks\2.0.4\maven-resolver-named-locks-2.0.4.jar;C:\Users\mmmm\.m2\repository\org\apache\maven\maven-jline\4.0.0-rc-1\maven-jline-4.0.0-rc-1.jar;C:\Users\mmmm\.m2\repository\org\jline\jline-reader\3.27.1\jline-reader-3.27.1.jar;C:\Users\mmmm\.m2\repository\org\jline\jline-style\3.27.1\jline-style-3.27.1.jar;C:\Users\mmmm\.m2\repository\org\jline\jline-builtins\3.27.1\jline-builtins-3.27.1.jar;C:\Users\mmmm\.m2\repository\org\jline\jline-console-ui\3.27.1\jline-console-ui-3.27.1.jar;C:\Users\mmmm\.m2\repository\org\jline\jline-terminal-jni\3.27.1\jline-terminal-jni-3.27.1.jar;C:\Users\mmmm\.m2\repository\org\jline\jline-native\3.27.1\jline-native-3.27.1.jar;C:\Users\mmmm\.m2\repository\javax\annotation\javax.annotation-api\1.3.2\javax.annotation-api-1.3.2.jar;C:\Users\mmmm\.m2\repository\org\apache\maven\maven-plugin-api\4.0.0-rc-1\maven-plugin-api-4.0.0-rc-1.jar;C:\Users\mmmm\.m2\repository\org\apache\maven\maven-api-plugin\4.0.0-rc-1\maven-api-plugin-4.0.0-rc-1.jar;C:\Users\mmmm\.m2\repository\org\eclipse\sisu\org.eclipse.sisu.plexus\0.9.0.M3\org.eclipse.sisu.plexus-0.9.0.M3.jar;C:\Users\mmmm\.m2\repository\org\apache\maven\maven-model\4.0.0-rc-1\maven-model-4.0.0-rc-1.jar;C:\Users\mmmm\.m2\repository\org\apache\maven\maven-api-model\4.0.0-rc-1\maven-api-model-4.0.0-rc-1.jar;C:\Users\mmmm\.m2\repository\org\apache\maven\maven-model-builder\4.0.0-rc-1\maven-model-builder-4.0.0-rc-1.jar;C:\Users\mmmm\.m2\repository\org\apache\maven\maven-builder-support\4.0.0-rc-1\maven-builder-support-4.0.0-rc-1.jar;C:\Users\mmmm\.m2\repository\org\apache\maven\maven-logging\4.0.0-rc-1\maven-logging-4.0.0-rc-1.jar;C:\Users\mmmm\.m2\repository\org\apache\maven\resolver\maven-resolver-api\2.0.4\maven-resolver-api-2.0.4.jar;C:\Users\mmmm\.m2\repository\org\apache\maven\resolver\maven-resolver-util\2.0.4\maven-resolver-util-2.0.4.jar;C:\Users\mmmm\.m2\repository\org\codehaus\plexus\plexus-sec-dispatcher\4.0.2\plexus-sec-dispatcher-4.0.2.jar;C:\Users\mmmm\.m2\repository\org\codehaus\plexus\plexus-interpolation\1.27\plexus-interpolation-1.27.jar;C:\Users\mmmm\.m2\repository\org\codehaus\plexus\plexus-interactivity-api\1.3\plexus-interactivity-api-1.3.jar;C:\Users\mmmm\.m2\repository\org\slf4j\slf4j-api\2.0.16\slf4j-api-2.0.16.jar;C:\Users\mmmm\.m2\repository\commons-cli\commons-cli\1.9.0\commons-cli-1.9.0.jar;C:\Users\mmmm\.m2\repository\org\jline\jansi-core\3.27.1\jansi-core-3.27.1.jar;C:\Users\mmmm\.m2\repository\org\jline\jline-terminal\3.27.1\jline-terminal-3.27.1.jar;C:\Users\mmmm\.m2\repository\org\apache\maven\shared\maven-invoker\3.1.0\maven-invoker-3.1.0.jar;C:\Users\mmmm\.m2\repository\org\apache\maven\shared\maven-shared-utils\3.3.3\maven-shared-utils-3.3.3.jar;C:\Users\mmmm\.m2\repository\commons-io\commons-io\2.6\commons-io-2.6.jar;C:\Users\mmmm\.m2\repository\javax\inject\javax.inject\1\javax.inject-1.jar;C:\Users\mmmm\.m2\repository\org\eclipse\jdt\org.eclipse.jdt.core\3.24.0\org.eclipse.jdt.core-3.24.0.jar;C:\Users\mmmm\.m2\repository\org\eclipse\platform\org.eclipse.core.resources\3.22.0\org.eclipse.core.resources-3.22.0.jar;C:\Users\mmmm\.m2\repository\org\eclipse\platform\org.eclipse.core.expressions\3.9.400\org.eclipse.core.expressions-3.9.400.jar;C:\Users\mmmm\.m2\repository\net\java\dev\jna\jna\5.15.0\jna-5.15.0.jar;C:\Users\mmmm\.m2\repository\org\eclipse\platform\org.eclipse.osgi\3.22.0\org.eclipse.osgi-3.22.0.jar;C:\Users\mmmm\.m2\repository\org\eclipse\platform\org.eclipse.core.runtime\3.32.0\org.eclipse.core.runtime-3.32.0.jar;C:\Users\mmmm\.m2\repository\org\eclipse\platform\org.eclipse.equinox.common\3.19.200\org.eclipse.equinox.common-3.19.200.jar;C:\Users\mmmm\.m2\repository\org\eclipse\platform\org.eclipse.core.jobs\3.15.400\org.eclipse.core.jobs-3.15.400.jar;C:\Users\mmmm\.m2\repository\org\eclipse\platform\org.eclipse.equinox.registry\3.12.200\org.eclipse.equinox.registry-3.12.200.jar;C:\Users\mmmm\.m2\repository\org\eclipse\platform\org.eclipse.equinox.preferences\3.11.200\org.eclipse.equinox.preferences-3.11.200.jar;C:\Users\mmmm\.m2\repository\org\osgi\org.osgi.service.prefs\1.1.2\org.osgi.service.prefs-1.1.2.jar;C:\Users\mmmm\.m2\repository\org\osgi\osgi.annotation\8.0.1\osgi.annotation-8.0.1.jar;C:\Users\mmmm\.m2\repository\org\eclipse\platform\org.eclipse.core.contenttype\3.9.600\org.eclipse.core.contenttype-3.9.600.jar;C:\Users\mmmm\.m2\repository\org\eclipse\platform\org.eclipse.equinox.app\1.7.200\org.eclipse.equinox.app-1.7.200.jar;C:\Users\mmmm\.m2\repository\org\eclipse\platform\org.eclipse.core.filesystem\1.11.100\org.eclipse.core.filesystem-1.11.100.jar;C:\Users\mmmm\.m2\repository\net\java\dev\jna\jna-platform\5.15.0\jna-platform-5.15.0.jar;C:\Users\mmmm\.m2\repository\org\eclipse\platform\org.eclipse.text\3.14.200\org.eclipse.text-3.14.200.jar;C:\Users\mmmm\.m2\repository\org\eclipse\platform\org.eclipse.core.commands\3.12.200\org.eclipse.core.commands-3.12.200.jar;C:\Users\mmmm\.m2\repository\org\eclipse\jgit\org.eclipse.jgit\7.1.0.202411261347-r\org.eclipse.jgit-7.1.0.202411261347-r.jar;C:\Users\mmmm\.m2\repository\com\googlecode\javaewah\JavaEWAH\1.2.3\JavaEWAH-1.2.3.jar;C:\Users\mmmm\.m2\repository\commons-codec\commons-codec\1.17.1\commons-codec-1.17.1.jar;"/>
    <property name="sun.cpu.endian" value="little"/>
    <property name="user.home" value="C:\Users\mmmm"/>
    <property name="user.language" value="zh"/>
    <property name="java.specification.vendor" value="Oracle Corporation"/>
    <property name="java.version.date" value="2024-07-16"/>
    <property name="java.home" value="C:\Users\mmmm\.p2\pool\plugins\org.eclipse.justj.openjdk.hotspot.jre.full.win32.x86_64_17.0.12.v20240802-1518\jre"/>
    <property name="file.separator" value="\"/>
    <property name="style.color" value="always"/>
    <property name="basedir" value="C:\Users\mmmm\Desktop\srtp_try\git_maven_ast"/>
    <property name="java.vm.compressedOopsMode" value="Zero based"/>
    <property name="line.separator" value="&#10;"/>
    <property name="java.vm.specification.vendor" value="Oracle Corporation"/>
    <property name="java.specification.name" value="Java Platform API Specification"/>
    <property name="surefire.real.class.path" value="C:\Users\mmmm\AppData\Local\Temp\surefire6068525815665467088\surefirebooter-20241217132029953_3.jar"/>
    <property name="user.script" value=""/>
    <property name="sun.management.compiler" value="HotSpot 64-Bit Tiered Compilers"/>
    <property name="java.runtime.version" value="17.0.12+7"/>
    <property name="user.name" value="mmmm"/>
    <property name="path.separator" value=";"/>
    <property name="os.version" value="10.0"/>
    <property name="java.runtime.name" value="OpenJDK Runtime Environment"/>
    <property name="file.encoding" value="GBK"/>
    <property name="java.vm.name" value="OpenJDK 64-Bit Server VM"/>
    <property name="java.vendor.version" value="Temurin-17.0.12+7"/>
    <property name="localRepository" value="C:\Users\mmmm\.m2\repository"/>
    <property name="java.vendor.url.bug" value="https://github.com/adoptium/adoptium-support/issues"/>
    <property name="java.io.tmpdir" value="C:\Users\mmmm\AppData\Local\Temp\"/>
    <property name="java.version" value="17.0.12"/>
    <property name="user.dir" value="C:\Users\mmmm\Desktop\srtp_try\git_maven_ast"/>
    <property name="os.arch" value="amd64"/>
    <property name="java.vm.specification.name" value="Java Virtual Machine Specification"/>
    <property name="sun.os.patch.level" value=""/>
    <property name="native.encoding" value="GBK"/>
    <property name="java.library.path" value="C:\Users\mmmm\.p2\pool\plugins\org.eclipse.justj.openjdk.hotspot.jre.full.win32.x86_64_17.0.12.v20240802-1518\jre\bin;C:\Windows\Sun\Java\bin;C:\Windows\system32;C:\Windows;C:/Users/mmmm/.p2/pool/plugins/org.eclipse.justj.openjdk.hotspot.jre.full.win32.x86_64_17.0.12.v20240802-1518/jre/bin/server;C:/Users/mmmm/.p2/pool/plugins/org.eclipse.justj.openjdk.hotspot.jre.full.win32.x86_64_17.0.12.v20240802-1518/jre/bin;c:\Users\mmmm\AppData\Local\Programs\cursor\resources\app\bin;C:\Program Files (x86)\Common Files\Oracle\Java\java8path;C:\Program Files (x86)\Common Files\Oracle\Java\javapath;D:\JAVAJDK\bin;C:\Windows\system32;C:\Windows;C:\Windows\System32\Wbem;C:\Windows\System32\WindowsPowerShell\v1.0\;C:\Windows\System32\OpenSSH\;C:\Program Files\dotnet\;C:\Program Files (x86)\NVIDIA Corporation\PhysX\Common;C:\Program Files\NVIDIA Corporation\NVIDIA NvDLISR;C:\Program Files (x86)\Windows Kits\10\Windows Performance Toolkit\;d:\quartus2\quartus\bin;D:\maven\apache-maven-3.8.8\bin;D:\python\Scripts\;D:\python\;C:\Users\mmmm\AppData\Local\Programs\Python\Launcher\;C:\Users\mmmm\AppData\Local\Microsoft\WindowsApps;C:\Users\mmmm\.dotnet\tools;D:\Mitex\miktex\bin\x64\;D:\pycharm\PyCharm Community Edition 2024.2.1\bin;;c:\Users\mmmm\AppData\Local\Programs\cursor\resources\app\bin;D:\python\Scripts\;D:\python\;C:\Users\mmmm\AppData\Local\Programs\Python\Launcher\;C:\Users\mmmm\AppData\Local\Microsoft\WindowsApps;C:\Users\mmmm\.dotnet\tools;D:\Mitex\miktex\bin\x64\;D:\pycharm\PyCharm Community Edition 2024.2.1\bin;;C:\Users\mmmm\AppData\Local\Programs\Microsoft VS Code\bin;C:\Users\mmmm\Desktop;;."/>
    <property name="java.vm.info" value="mixed mode"/>
    <property name="java.vendor" value="Eclipse Adoptium"/>
    <property name="java.vm.version" value="17.0.12+7"/>
    <property name="sun.io.unicode.encoding" value="UnicodeLittle"/>
    <property name="java.class.version" value="61.0"/>
  </properties>
  <testcase name="testApp" classname="kaiyang_try.step1.git_maven_ast.AppTest" time="0.001"/>
</testsuite>